<?xml version="1.0" encoding="UTF-8"?>
<testng-results ignored="0" total="1" passed="1" failed="0" skipped="0">
  <reporter-output>
  </reporter-output>
  <suite started-at="2021-04-22T18:24:16 IST" name="Default suite" finished-at="2021-04-22T18:25:05 IST" duration-ms="48680">
    <groups>
    </groups>
    <test started-at="2021-04-22T18:24:16 IST" name="Default test" finished-at="2021-04-22T18:25:05 IST" duration-ms="48680">
      <class name="com.application.testcases.TC10_OpenCart_Search_Iphone">
        <test-method is-config="true" signature="setExtent()[pri:0, instance:com.application.testcases.TC10_OpenCart_Search_Iphone@6cfcd46d]" started-at="2021-04-22T18:24:16 IST" name="setExtent" finished-at="2021-04-22T18:24:16 IST" duration-ms="352" status="PASS">
          <reporter-output>
          </reporter-output>
        </test-method> <!-- setExtent -->
        <test-method is-config="true" signature="loadConfig()[pri:0, instance:com.application.testcases.TC10_OpenCart_Search_Iphone@6cfcd46d]" started-at="2021-04-22T18:24:16 IST" name="loadConfig" finished-at="2021-04-22T18:24:16 IST" duration-ms="4" status="PASS">
          <reporter-output>
          </reporter-output>
        </test-method> <!-- loadConfig -->
        <test-method is-config="true" signature="setup()[pri:0, instance:com.application.testcases.TC10_OpenCart_Search_Iphone@6cfcd46d]" started-at="2021-04-22T18:24:16 IST" name="setup" finished-at="2021-04-22T18:24:33 IST" duration-ms="17137" status="PASS">
          <reporter-output>
          </reporter-output>
        </test-method> <!-- setup -->
        <test-method signature="Login()[pri:-1, instance:com.application.testcases.TC10_OpenCart_Search_Iphone@6cfcd46d]" started-at="2021-04-22T18:24:33 IST" name="Login" finished-at="2021-04-22T18:25:04 IST" duration-ms="30239" status="PASS">
          <reporter-output>
          </reporter-output>
        </test-method> <!-- Login -->
        <test-method is-config="true" signature="tearDown()[pri:0, instance:com.application.testcases.TC10_OpenCart_Search_Iphone@6cfcd46d]" started-at="2021-04-22T18:25:04 IST" name="tearDown" finished-at="2021-04-22T18:25:05 IST" duration-ms="1239" status="PASS">
          <reporter-output>
          </reporter-output>
        </test-method> <!-- tearDown -->
        <test-method is-config="true" signature="endReport()[pri:0, instance:com.application.testcases.TC10_OpenCart_Search_Iphone@6cfcd46d]" started-at="2021-04-22T18:25:05 IST" name="endReport" finished-at="2021-04-22T18:25:06 IST" duration-ms="876" status="PASS">
          <reporter-output>
          </reporter-output>
        </test-method> <!-- endReport -->
      </class> <!-- com.application.testcases.TC10_OpenCart_Search_Iphone -->
    </test> <!-- Default test -->
  </suite> <!-- Default suite -->
</testng-results>
